This is XeTeX, Version 3.141592653-2.6-0.999995 (TeX Live 2023) (preloaded format=xelatex 2024.3.12)  13 MAR 2024 10:47
entering extended mode
 restricted \write18 enabled.
 %&-line parsing enabled.
**APA_Book.tex
(./APA_Book.tex
LaTeX2e <2023-11-01> patch level 1
L3 programming layer <2024-02-20>
(/Users/TJRyan/Library/TinyTeX/texmf-dist/tex/latex/base/book.cls
Document Class: book 2023/05/17 v1.4n Standard LaTeX document class
(/Users/TJRyan/Library/TinyTeX/texmf-dist/tex/latex/base/bk10.clo
File: bk10.clo 2023/05/17 v1.4n Standard LaTeX file (size option)
)
\c@part=\count184
\c@chapter=\count185
\c@section=\count186
\c@subsection=\count187
\c@subsubsection=\count188
\c@paragraph=\count189
\c@subparagraph=\count190
\c@figure=\count191
\c@table=\count192
\abovecaptionskip=\skip48
\belowcaptionskip=\skip49
\bibindent=\dimen140
) (/Users/TJRyan/Library/TinyTeX/texmf-dist/tex/latex/amsmath/amsmath.sty
Package: amsmath 2023/05/13 v2.17o AMS math features
\@mathmargin=\skip50
For additional information on amsmath, use the `?' option.
(/Users/TJRyan/Library/TinyTeX/texmf-dist/tex/latex/amsmath/amstext.sty
Package: amstext 2021/08/26 v2.01 AMS text
(/Users/TJRyan/Library/TinyTeX/texmf-dist/tex/latex/amsmath/amsgen.sty
File: amsgen.sty 1999/11/30 v2.0 generic functions
\@emptytoks=\toks17
\ex@=\dimen141
)) (/Users/TJRyan/Library/TinyTeX/texmf-dist/tex/latex/amsmath/amsbsy.sty
Package: amsbsy 1999/11/29 v1.2d Bold Symbols
\pmbraise@=\dimen142
) (/Users/TJRyan/Library/TinyTeX/texmf-dist/tex/latex/amsmath/amsopn.sty
Package: amsopn 2022/04/08 v2.04 operator names
)
\inf@bad=\count193
LaTeX Info: Redefining \frac on input line 234.
\uproot@=\count194
\leftroot@=\count195
LaTeX Info: Redefining \overline on input line 399.
LaTeX Info: Redefining \colon on input line 410.
\classnum@=\count196
\DOTSCASE@=\count197
LaTeX Info: Redefining \ldots on input line 496.
LaTeX Info: Redefining \dots on input line 499.
LaTeX Info: Redefining \cdots on input line 620.
\Mathstrutbox@=\box51
\strutbox@=\box52
LaTeX Info: Redefining \big on input line 722.
LaTeX Info: Redefining \Big on input line 723.
LaTeX Info: Redefining \bigg on input line 724.
LaTeX Info: Redefining \Bigg on input line 725.
\big@size=\dimen143
LaTeX Font Info:    Redeclaring font encoding OML on input line 743.
LaTeX Font Info:    Redeclaring font encoding OMS on input line 744.
\macc@depth=\count198
LaTeX Info: Redefining \bmod on input line 905.
LaTeX Info: Redefining \pmod on input line 910.
LaTeX Info: Redefining \smash on input line 940.
LaTeX Info: Redefining \relbar on input line 970.
LaTeX Info: Redefining \Relbar on input line 971.
\c@MaxMatrixCols=\count199
\dotsspace@=\muskip16
\c@parentequation=\count266
\dspbrk@lvl=\count267
\tag@help=\toks18
\row@=\count268
\column@=\count269
\maxfields@=\count270
\andhelp@=\toks19
\eqnshift@=\dimen144
\alignsep@=\dimen145
\tagshift@=\dimen146
\tagwidth@=\dimen147
\totwidth@=\dimen148
\lineht@=\dimen149
\@envbody=\toks20
\multlinegap=\skip51
\multlinetaggap=\skip52
\mathdisplay@stack=\toks21
LaTeX Info: Redefining \[ on input line 2953.
LaTeX Info: Redefining \] on input line 2954.
) (/Users/TJRyan/Library/TinyTeX/texmf-dist/tex/latex/amsfonts/amssymb.sty
Package: amssymb 2013/01/14 v3.01 AMS font symbols
(/Users/TJRyan/Library/TinyTeX/texmf-dist/tex/latex/amsfonts/amsfonts.sty
Package: amsfonts 2013/01/14 v3.01 Basic AMSFonts support
\symAMSa=\mathgroup4
\symAMSb=\mathgroup5
LaTeX Font Info:    Redeclaring math symbol \hbar on input line 98.
LaTeX Font Info:    Overwriting math alphabet `\mathfrak' in version `bold'
(Font)                  U/euf/m/n --> U/euf/b/n on input line 106.
)) (/Users/TJRyan/Library/TinyTeX/texmf-dist/tex/generic/iftex/iftex.sty
Package: iftex 2022/02/03 v1.0f TeX engine tests
) (/Users/TJRyan/Library/TinyTeX/texmf-dist/tex/latex/unicode-math/unicode-math.sty (/Users/TJRyan/Library/TinyTeX/texmf-dist/tex/latex/l3kernel/expl3.sty
Package: expl3 2024-02-20 L3 programming layer (loader) 
(/Users/TJRyan/Library/TinyTeX/texmf-dist/tex/latex/l3backend/l3backend-xetex.def
File: l3backend-xetex.def 2024-02-20 L3 backend support: XeTeX
\g__graphics_track_int=\count271
\l__pdf_internal_box=\box53
\g__pdf_backend_object_int=\count272
\g__pdf_backend_annotation_int=\count273
\g__pdf_backend_link_int=\count274
))
Package: unicode-math 2023/08/13 v0.8r Unicode maths in XeLaTeX and LuaLaTeX
(/Users/TJRyan/Library/TinyTeX/texmf-dist/tex/latex/unicode-math/unicode-math-xetex.sty
Package: unicode-math-xetex 2023/08/13 v0.8r Unicode maths in XeLaTeX and LuaLaTeX
(/Users/TJRyan/Library/TinyTeX/texmf-dist/tex/latex/l3packages/xparse/xparse.sty
Package: xparse 2024-02-18 L3 Experimental document command parser
) (/Users/TJRyan/Library/TinyTeX/texmf-dist/tex/latex/l3packages/l3keys2e/l3keys2e.sty
Package: l3keys2e 2024-02-18 LaTeX2e option processing using LaTeX3 keys
) (/Users/TJRyan/Library/TinyTeX/texmf-dist/tex/latex/fontspec/fontspec.sty
Package: fontspec 2024/02/13 v2.9a Font selection for XeLaTeX and LuaLaTeX
(/Users/TJRyan/Library/TinyTeX/texmf-dist/tex/latex/fontspec/fontspec-xetex.sty
Package: fontspec-xetex 2024/02/13 v2.9a Font selection for XeLaTeX and LuaLaTeX
\l__fontspec_script_int=\count275
\l__fontspec_language_int=\count276
\l__fontspec_strnum_int=\count277
\l__fontspec_tmp_int=\count278
\l__fontspec_tmpa_int=\count279
\l__fontspec_tmpb_int=\count280
\l__fontspec_tmpc_int=\count281
\l__fontspec_em_int=\count282
\l__fontspec_emdef_int=\count283
\l__fontspec_strong_int=\count284
\l__fontspec_strongdef_int=\count285
\l__fontspec_tmpa_dim=\dimen150
\l__fontspec_tmpb_dim=\dimen151
\l__fontspec_tmpc_dim=\dimen152
(/Users/TJRyan/Library/TinyTeX/texmf-dist/tex/latex/base/fontenc.sty
Package: fontenc 2021/04/29 v2.0v Standard LaTeX package
) (/Users/TJRyan/Library/TinyTeX/texmf-dist/tex/latex/fontspec/fontspec.cfg))) (/Users/TJRyan/Library/TinyTeX/texmf-dist/tex/latex/base/fix-cm.sty
Package: fix-cm 2020/11/24 v1.1t fixes to LaTeX
(/Users/TJRyan/Library/TinyTeX/texmf-dist/tex/latex/base/ts1enc.def
File: ts1enc.def 2001/06/05 v3.0e (jk/car/fm) Standard LaTeX file
LaTeX Font Info:    Redeclaring font encoding TS1 on input line 47.
))
\g__um_fam_int=\count286
\g__um_fonts_used_int=\count287
\l__um_primecount_int=\count288
\g__um_primekern_muskip=\muskip17
(/Users/TJRyan/Library/TinyTeX/texmf-dist/tex/latex/unicode-math/unicode-math-table.tex))) (/Users/TJRyan/Library/TinyTeX/texmf-dist/tex/latex/lm/lmodern.sty
Package: lmodern 2015/05/01 v1.6.1 Latin Modern Fonts
LaTeX Font Info:    Overwriting symbol font `operators' in version `normal'
(Font)                  OT1/cmr/m/n --> OT1/lmr/m/n on input line 22.
LaTeX Font Info:    Overwriting symbol font `letters' in version `normal'
(Font)                  OML/cmm/m/it --> OML/lmm/m/it on input line 23.
LaTeX Font Info:    Overwriting symbol font `symbols' in version `normal'
(Font)                  OMS/cmsy/m/n --> OMS/lmsy/m/n on input line 24.
LaTeX Font Info:    Overwriting symbol font `largesymbols' in version `normal'
(Font)                  OMX/cmex/m/n --> OMX/lmex/m/n on input line 25.
LaTeX Font Info:    Overwriting symbol font `operators' in version `bold'
(Font)                  OT1/cmr/bx/n --> OT1/lmr/bx/n on input line 26.
LaTeX Font Info:    Overwriting symbol font `letters' in version `bold'
(Font)                  OML/cmm/b/it --> OML/lmm/b/it on input line 27.
LaTeX Font Info:    Overwriting symbol font `symbols' in version `bold'
(Font)                  OMS/cmsy/b/n --> OMS/lmsy/b/n on input line 28.
LaTeX Font Info:    Overwriting symbol font `largesymbols' in version `bold'
(Font)                  OMX/cmex/m/n --> OMX/lmex/m/n on input line 29.
LaTeX Font Info:    Overwriting math alphabet `\mathbf' in version `normal'
(Font)                  OT1/cmr/bx/n --> OT1/lmr/bx/n on input line 31.
LaTeX Font Info:    Overwriting math alphabet `\mathsf' in version `normal'
(Font)                  OT1/cmss/m/n --> OT1/lmss/m/n on input line 32.
LaTeX Font Info:    Overwriting math alphabet `\mathit' in version `normal'
(Font)                  OT1/cmr/m/it --> OT1/lmr/m/it on input line 33.
LaTeX Font Info:    Overwriting math alphabet `\mathtt' in version `normal'
(Font)                  OT1/cmtt/m/n --> OT1/lmtt/m/n on input line 34.
LaTeX Font Info:    Overwriting math alphabet `\mathbf' in version `bold'
(Font)                  OT1/cmr/bx/n --> OT1/lmr/bx/n on input line 35.
LaTeX Font Info:    Overwriting math alphabet `\mathsf' in version `bold'
(Font)                  OT1/cmss/bx/n --> OT1/lmss/bx/n on input line 36.
LaTeX Font Info:    Overwriting math alphabet `\mathit' in version `bold'
(Font)                  OT1/cmr/bx/it --> OT1/lmr/bx/it on input line 37.
LaTeX Font Info:    Overwriting math alphabet `\mathtt' in version `bold'
(Font)                  OT1/cmtt/m/n --> OT1/lmtt/m/n on input line 38.
) (/Users/TJRyan/Library/TinyTeX/texmf-dist/tex/latex/upquote/upquote.sty
Package: upquote 2012/04/19 v1.3 upright-quote and grave-accent glyphs in verbatim
(/Users/TJRyan/Library/TinyTeX/texmf-dist/tex/latex/base/textcomp.sty
Package: textcomp 2020/02/02 v2.0n Standard LaTeX package
)) (/Users/TJRyan/Library/TinyTeX/texmf-dist/tex/latex/microtype/microtype.sty
Package: microtype 2023/03/13 v3.1a Micro-typographical refinements (RS)
(/Users/TJRyan/Library/TinyTeX/texmf-dist/tex/latex/graphics/keyval.sty
Package: keyval 2022/05/29 v1.15 key=value parser (DPC)
\KV@toks@=\toks22
) (/Users/TJRyan/Library/TinyTeX/texmf-dist/tex/latex/etoolbox/etoolbox.sty
Package: etoolbox 2020/10/05 v2.5k e-TeX tools for LaTeX (JAW)
\etb@tempcnta=\count289
)
\MT@toks=\toks23
\MT@tempbox=\box54
\MT@count=\count290
LaTeX Info: Redefining \noprotrusionifhmode on input line 1059.
LaTeX Info: Redefining \leftprotrusion on input line 1060.
\MT@prot@toks=\toks24
LaTeX Info: Redefining \rightprotrusion on input line 1078.
LaTeX Info: Redefining \textls on input line 1368.
\MT@outer@kern=\dimen153
LaTeX Info: Redefining \textmicrotypecontext on input line 1988.
\MT@listname@count=\count291
(/Users/TJRyan/Library/TinyTeX/texmf-dist/tex/latex/microtype/microtype-xetex.def
File: microtype-xetex.def 2023/03/13 v3.1a Definitions specific to xetex (RS)
LaTeX Info: Redefining \lsstyle on input line 238.
)
Package microtype Info: Loading configuration file microtype.cfg.
(/Users/TJRyan/Library/TinyTeX/texmf-dist/tex/latex/microtype/microtype.cfg
File: microtype.cfg 2023/03/13 v3.1a microtype main configuration file (RS)
)) (/Users/TJRyan/Library/TinyTeX/texmf-dist/tex/latex/parskip/parskip.sty
Package: parskip 2021-03-14 v2.0h non-zero parskip adjustments
(/Users/TJRyan/Library/TinyTeX/texmf-dist/tex/latex/kvoptions/kvoptions.sty
Package: kvoptions 2022-06-15 v3.15 Key value format for package options (HO)
(/Users/TJRyan/Library/TinyTeX/texmf-dist/tex/generic/ltxcmds/ltxcmds.sty
Package: ltxcmds 2023-12-04 v1.26 LaTeX kernel commands for general use (HO)
) (/Users/TJRyan/Library/TinyTeX/texmf-dist/tex/latex/kvsetkeys/kvsetkeys.sty
Package: kvsetkeys 2022-10-05 v1.19 Key value parser (HO)
))) (/Users/TJRyan/Library/TinyTeX/texmf-dist/tex/latex/xcolor/xcolor.sty
Package: xcolor 2023/11/15 v3.01 LaTeX color extensions (UK)
(/Users/TJRyan/Library/TinyTeX/texmf-dist/tex/latex/graphics-cfg/color.cfg
File: color.cfg 2016/01/02 v1.6 sample color configuration
)
Package xcolor Info: Driver file: xetex.def on input line 274.
(/Users/TJRyan/Library/TinyTeX/texmf-dist/tex/latex/graphics-def/xetex.def
File: xetex.def 2022/09/22 v5.0n Graphics/color driver for xetex
) (/Users/TJRyan/Library/TinyTeX/texmf-dist/tex/latex/graphics/mathcolor.ltx)
Package xcolor Info: Model `cmy' substituted by `cmy0' on input line 1350.
Package xcolor Info: Model `RGB' extended on input line 1366.
Package xcolor Info: Model `HTML' substituted by `rgb' on input line 1368.
Package xcolor Info: Model `Hsb' substituted by `hsb' on input line 1369.
Package xcolor Info: Model `tHsb' substituted by `hsb' on input line 1370.
Package xcolor Info: Model `HSB' substituted by `hsb' on input line 1371.
Package xcolor Info: Model `Gray' substituted by `gray' on input line 1372.
Package xcolor Info: Model `wave' substituted by `hsb' on input line 1373.
) (/Users/TJRyan/Library/TinyTeX/texmf-dist/tex/latex/fancyvrb/fancyvrb.sty
Package: fancyvrb 2024/01/20 4.5c verbatim text (tvz,hv)
\FV@CodeLineNo=\count292
\FV@InFile=\read2
\FV@TabBox=\box55
\c@FancyVerbLine=\count293
\FV@StepNumber=\count294
\FV@OutFile=\write3
) (/Users/TJRyan/Library/TinyTeX/texmf-dist/tex/latex/framed/framed.sty
Package: framed 2011/10/22 v 0.96: framed or shaded text with page breaks
\OuterFrameSep=\skip53
\fb@frw=\dimen154
\fb@frh=\dimen155
\FrameRule=\dimen156
\FrameSep=\dimen157
) (/Users/TJRyan/Library/TinyTeX/texmf-dist/tex/latex/tools/longtable.sty
Package: longtable 2023-11-01 v4.19 Multi-page Table package (DPC)
\LTleft=\skip54
\LTright=\skip55
\LTpre=\skip56
\LTpost=\skip57
\LTchunksize=\count295
\LTcapwidth=\dimen158
\LT@head=\box56
\LT@firsthead=\box57
\LT@foot=\box58
\LT@lastfoot=\box59
\LT@gbox=\box60
\LT@cols=\count296
\LT@rows=\count297
\c@LT@tables=\count298
\c@LT@chunks=\count299
\LT@p@ftn=\toks25
) (/Users/TJRyan/Library/TinyTeX/texmf-dist/tex/latex/booktabs/booktabs.sty
Package: booktabs 2020/01/12 v1.61803398 Publication quality tables
\heavyrulewidth=\dimen159
\lightrulewidth=\dimen160
\cmidrulewidth=\dimen161
\belowrulesep=\dimen162
\belowbottomsep=\dimen163
\aboverulesep=\dimen164
\abovetopsep=\dimen165
\cmidrulesep=\dimen166
\cmidrulekern=\dimen167
\defaultaddspace=\dimen168
\@cmidla=\count300
\@cmidlb=\count301
\@aboverulesep=\dimen169
\@belowrulesep=\dimen170
\@thisruleclass=\count302
\@lastruleclass=\count303
\@thisrulewidth=\dimen171
) (/Users/TJRyan/Library/TinyTeX/texmf-dist/tex/latex/tools/array.sty
Package: array 2023/10/16 v2.5g Tabular extension package (FMi)
\col@sep=\dimen172
\ar@mcellbox=\box61
\extrarowheight=\dimen173
\NC@list=\toks26
\extratabsurround=\skip58
\backup@length=\skip59
\ar@cellbox=\box62
) (/Users/TJRyan/Library/TinyTeX/texmf-dist/tex/latex/tools/calc.sty
Package: calc 2023/07/08 v4.3 Infix arithmetic (KKT,FJ)
\calc@Acount=\count304
\calc@Bcount=\count305
\calc@Adimen=\dimen174
\calc@Bdimen=\dimen175
\calc@Askip=\skip60
\calc@Bskip=\skip61
LaTeX Info: Redefining \setlength on input line 80.
LaTeX Info: Redefining \addtolength on input line 81.
\calc@Ccount=\count306
\calc@Cskip=\skip62
) (/Users/TJRyan/Library/TinyTeX/texmf-dist/tex/latex/footnotehyper/footnotehyper.sty
Package: footnotehyper 2021/08/13 v1.1e hyperref aware footnote.sty (JFB)
\FNH@notes=\box63
\FNH@width=\dimen176
\FNH@toks=\toks27
) (/Users/TJRyan/Library/TinyTeX/texmf-dist/tex/latex/graphics/graphicx.sty
Package: graphicx 2021/09/16 v1.2d Enhanced LaTeX Graphics (DPC,SPQR)
(/Users/TJRyan/Library/TinyTeX/texmf-dist/tex/latex/graphics/graphics.sty
Package: graphics 2022/03/10 v1.4e Standard LaTeX Graphics (DPC,SPQR)
(/Users/TJRyan/Library/TinyTeX/texmf-dist/tex/latex/graphics/trig.sty
Package: trig 2021/08/11 v1.11 sin cos tan (DPC)
) (/Users/TJRyan/Library/TinyTeX/texmf-dist/tex/latex/graphics-cfg/graphics.cfg
File: graphics.cfg 2016/06/04 v1.11 sample graphics configuration
)
Package graphics Info: Driver file: xetex.def on input line 107.
)
\Gin@req@height=\dimen177
\Gin@req@width=\dimen178
) (/Users/TJRyan/Library/TinyTeX/texmf-dist/tex/latex/amscls/amsthm.sty
Package: amsthm 2020/05/29 v2.20.6
\thm@style=\toks28
\thm@bodyfont=\toks29
\thm@headfont=\toks30
\thm@notefont=\toks31
\thm@headpunct=\toks32
\thm@preskip=\skip63
\thm@postskip=\skip64
\thm@headsep=\skip65
\dth@everypar=\toks33
) (/Users/TJRyan/Library/TinyTeX/texmf-dist/tex/latex/caption/caption.sty
Package: caption 2023/08/05 v3.6o Customizing captions (AR)
(/Users/TJRyan/Library/TinyTeX/texmf-dist/tex/latex/caption/caption3.sty
Package: caption3 2023/07/31 v2.4d caption3 kernel (AR)
\caption@tempdima=\dimen179
\captionmargin=\dimen180
\caption@leftmargin=\dimen181
\caption@rightmargin=\dimen182
\caption@width=\dimen183
\caption@indent=\dimen184
\caption@parindent=\dimen185
\caption@hangindent=\dimen186
Package caption Info: Standard document class detected.
)
\c@caption@flags=\count307
\c@continuedfloat=\count308
Package caption Info: longtable package is loaded.
(/Users/TJRyan/Library/TinyTeX/texmf-dist/tex/latex/caption/ltcaption.sty
Package: ltcaption 2021/01/08 v1.4c longtable captions (AR)
)) (/Users/TJRyan/Library/TinyTeX/texmf-dist/tex/latex/siunitx/siunitx.sty
Package: siunitx 2024-02-15 v3.3.12 A comprehensive (SI) units package
\l__siunitx_number_uncert_offset_int=\count309
\l__siunitx_number_exponent_fixed_int=\count310
\l__siunitx_number_min_decimal_int=\count311
\l__siunitx_number_min_integer_int=\count312
\l__siunitx_number_round_precision_int=\count313
\l__siunitx_number_lower_threshold_int=\count314
\l__siunitx_number_upper_threshold_int=\count315
\l__siunitx_number_group_first_int=\count316
\l__siunitx_number_group_size_int=\count317
\l__siunitx_number_group_minimum_int=\count318
\l__siunitx_angle_tmp_dim=\dimen187
\l__siunitx_angle_marker_box=\box64
\l__siunitx_angle_unit_box=\box65
\l__siunitx_compound_count_int=\count319
(/Users/TJRyan/Library/TinyTeX/texmf-dist/tex/latex/translations/translations.sty
Package: translations 2022/02/05 v1.12 internationalization of LaTeX2e packages (CN)
(/Users/TJRyan/Library/TinyTeX/texmf-dist/tex/generic/pdftexcmds/pdftexcmds.sty
Package: pdftexcmds 2020-06-27 v0.33 Utility functions of pdfTeX for LuaTeX (HO)
(/Users/TJRyan/Library/TinyTeX/texmf-dist/tex/generic/infwarerr/infwarerr.sty
Package: infwarerr 2019/12/03 v1.5 Providing info/warning/error messages (HO)
)
Package pdftexcmds Info: \pdf@primitive is available.
Package pdftexcmds Info: \pdf@ifprimitive is available.
Package pdftexcmds Info: \pdfdraftmode not found.
))
\l__siunitx_table_tmp_box=\box66
\l__siunitx_table_tmp_dim=\dimen188
\l__siunitx_table_column_width_dim=\dimen189
\l__siunitx_table_integer_box=\box67
\l__siunitx_table_decimal_box=\box68
\l__siunitx_table_uncert_box=\box69
\l__siunitx_table_before_box=\box70
\l__siunitx_table_after_box=\box71
\l__siunitx_table_before_dim=\dimen190
\l__siunitx_table_carry_dim=\dimen191
\l__siunitx_unit_tmp_int=\count320
\l__siunitx_unit_position_int=\count321
\l__siunitx_unit_total_int=\count322
) (/Users/TJRyan/Library/TinyTeX/texmf-dist/tex/generic/ulem/ulem.sty
\UL@box=\box72
\UL@hyphenbox=\box73
\UL@skip=\skip66
\UL@hook=\toks34
\UL@height=\dimen192
\UL@pe=\count323
\UL@pixel=\dimen193
\ULC@box=\box74
Package: ulem 2019/11/18
\ULdepth=\dimen194
) (/Users/TJRyan/Library/TinyTeX/texmf-dist/tex/latex/colortbl/colortbl.sty
Package: colortbl 2024/02/20 v1.0g Color table columns (DPC)
\everycr=\toks35
\minrowclearance=\skip67
\rownum=\count324
) (/Users/TJRyan/Library/TinyTeX/texmf-dist/tex/latex/multirow/multirow.sty
Package: multirow 2021/03/15 v2.8 Span multiple rows of a table
\multirow@colwidth=\skip68
\multirow@cntb=\count325
\multirow@dima=\skip69
\bigstrutjot=\dimen195
) (/Users/TJRyan/Library/TinyTeX/texmf-dist/tex/latex/tools/hhline.sty
Package: hhline 2020/01/04 v2.04 Table rule package (DPC)
) (/Users/TJRyan/Library/TinyTeX/texmf-dist/tex/latex/tools/tabularx.sty
Package: tabularx 2023/07/08 v2.11c `tabularx' package (DPC)
\TX@col@width=\dimen196
\TX@old@table=\dimen197
\TX@old@col=\dimen198
\TX@target=\dimen199
\TX@delta=\dimen256
\TX@cols=\count326
\TX@ftn=\toks36
) (/Users/TJRyan/Library/TinyTeX/texmf-dist/tex/latex/threeparttable/threeparttable.sty
Package: threeparttable 2003/06/13  v 3.0
\@tempboxb=\box75
) (/Users/TJRyan/Library/TinyTeX/texmf-dist/tex/latex/wrapfig/wrapfig.sty
\wrapoverhang=\dimen257
\WF@size=\dimen258
\c@WF@wrappedlines=\count327
\WF@box=\box76
\WF@everypar=\toks37
Package: wrapfig 2003/01/31  v 3.6
) (/Users/TJRyan/Library/TinyTeX/texmf-dist/tex/latex/adjustbox/adjustbox.sty
Package: adjustbox 2022/10/17 v1.3a Adjusting TeX boxes (trim, clip, ...)
(/Users/TJRyan/Library/TinyTeX/texmf-dist/tex/latex/xkeyval/xkeyval.sty
Package: xkeyval 2022/06/16 v2.9 package option processing (HA)
(/Users/TJRyan/Library/TinyTeX/texmf-dist/tex/generic/xkeyval/xkeyval.tex (/Users/TJRyan/Library/TinyTeX/texmf-dist/tex/generic/xkeyval/xkvutils.tex
\XKV@toks=\toks38
\XKV@tempa@toks=\toks39
)
\XKV@depth=\count328
File: xkeyval.tex 2014/12/03 v2.7a key=value parser (HA)
)) (/Users/TJRyan/Library/TinyTeX/texmf-dist/tex/latex/adjustbox/adjcalc.sty
Package: adjcalc 2012/05/16 v1.1 Provides advanced setlength with multiple back-ends (calc, etex, pgfmath)
) (/Users/TJRyan/Library/TinyTeX/texmf-dist/tex/latex/adjustbox/trimclip.sty
Package: trimclip 2020/08/19 v1.2 Trim and clip general TeX material
(/Users/TJRyan/Library/TinyTeX/texmf-dist/tex/latex/collectbox/collectbox.sty
Package: collectbox 2022/10/17 v0.4c Collect macro arguments as boxes
\collectedbox=\box77
)
\tc@llx=\dimen259
\tc@lly=\dimen260
\tc@urx=\dimen261
\tc@ury=\dimen262
Package trimclip Info: Using driver 'tc-xetex.def'.
(/Users/TJRyan/Library/TinyTeX/texmf-dist/tex/latex/adjustbox/tc-xetex.def
File: tc-xetex.def 2019/01/04 v2.2 Clipping driver for xetex
))
\adjbox@Width=\dimen263
\adjbox@Height=\dimen264
\adjbox@Depth=\dimen265
\adjbox@Totalheight=\dimen266
\adjbox@pwidth=\dimen267
\adjbox@pheight=\dimen268
\adjbox@pdepth=\dimen269
\adjbox@ptotalheight=\dimen270
(/Users/TJRyan/Library/TinyTeX/texmf-dist/tex/latex/ifoddpage/ifoddpage.sty
Package: ifoddpage 2022/10/18 v1.2 Conditionals for odd/even page detection
\c@checkoddpage=\count329
) (/Users/TJRyan/Library/TinyTeX/texmf-dist/tex/latex/varwidth/varwidth.sty
Package: varwidth 2009/03/30 ver 0.92;  Variable-width minipages
\@vwid@box=\box78
\sift@deathcycles=\count330
\@vwid@loff=\dimen271
\@vwid@roff=\dimen272
)) (/Users/TJRyan/Library/TinyTeX/texmf-dist/tex/latex/hyperref/hyperref.sty
Package: hyperref 2024-01-20 v7.01h Hypertext links for LaTeX
(/Users/TJRyan/Library/TinyTeX/texmf-dist/tex/generic/kvdefinekeys/kvdefinekeys.sty
Package: kvdefinekeys 2019-12-19 v1.6 Define keys (HO)
) (/Users/TJRyan/Library/TinyTeX/texmf-dist/tex/generic/pdfescape/pdfescape.sty
Package: pdfescape 2019/12/09 v1.15 Implements pdfTeX's escape features (HO)
) (/Users/TJRyan/Library/TinyTeX/texmf-dist/tex/latex/hycolor/hycolor.sty
Package: hycolor 2020-01-27 v1.10 Color options for hyperref/bookmark (HO)
) (/Users/TJRyan/Library/TinyTeX/texmf-dist/tex/latex/auxhook/auxhook.sty
Package: auxhook 2019-12-17 v1.6 Hooks for auxiliary files (HO)
) (/Users/TJRyan/Library/TinyTeX/texmf-dist/tex/latex/hyperref/nameref.sty
Package: nameref 2023-11-26 v2.56 Cross-referencing by name of section
(/Users/TJRyan/Library/TinyTeX/texmf-dist/tex/latex/refcount/refcount.sty
Package: refcount 2019/12/15 v3.6 Data extraction from label references (HO)
) (/Users/TJRyan/Library/TinyTeX/texmf-dist/tex/generic/gettitlestring/gettitlestring.sty
Package: gettitlestring 2019/12/15 v1.6 Cleanup title references (HO)
)
\c@section@level=\count331
)
\@linkdim=\dimen273
\Hy@linkcounter=\count332
\Hy@pagecounter=\count333
(/Users/TJRyan/Library/TinyTeX/texmf-dist/tex/latex/hyperref/pd1enc.def
File: pd1enc.def 2024-01-20 v7.01h Hyperref: PDFDocEncoding definition (HO)
) (/Users/TJRyan/Library/TinyTeX/texmf-dist/tex/generic/intcalc/intcalc.sty
Package: intcalc 2019/12/15 v1.3 Expandable calculations with integers (HO)
)
\Hy@SavedSpaceFactor=\count334
(/Users/TJRyan/Library/TinyTeX/texmf-dist/tex/latex/hyperref/puenc.def
File: puenc.def 2024-01-20 v7.01h Hyperref: PDF Unicode definition (HO)
)
Package hyperref Info: Option `unicode' set `true' on input line 4062.
Package hyperref Info: Hyper figures OFF on input line 4179.
Package hyperref Info: Link nesting OFF on input line 4184.
Package hyperref Info: Hyper index ON on input line 4187.
Package hyperref Info: Plain pages OFF on input line 4194.
Package hyperref Info: Backreferencing OFF on input line 4199.
Package hyperref Info: Implicit mode ON; LaTeX internals redefined.
Package hyperref Info: Bookmarks ON on input line 4446.
\c@Hy@tempcnt=\count335
(/Users/TJRyan/Library/TinyTeX/texmf-dist/tex/latex/url/url.sty
\Urlmuskip=\muskip18
Package: url 2013/09/16  ver 3.4  Verb mode for urls, etc.
)
LaTeX Info: Redefining \url on input line 4784.
\XeTeXLinkMargin=\dimen274
(/Users/TJRyan/Library/TinyTeX/texmf-dist/tex/generic/bitset/bitset.sty
Package: bitset 2019/12/09 v1.3 Handle bit-vector datatype (HO)
(/Users/TJRyan/Library/TinyTeX/texmf-dist/tex/generic/bigintcalc/bigintcalc.sty
Package: bigintcalc 2019/12/15 v1.5 Expandable calculations on big integers (HO)
))
\Fld@menulength=\count336
\Field@Width=\dimen275
\Fld@charsize=\dimen276
Package hyperref Info: Hyper figures OFF on input line 6063.
Package hyperref Info: Link nesting OFF on input line 6068.
Package hyperref Info: Hyper index ON on input line 6071.
Package hyperref Info: backreferencing OFF on input line 6078.
Package hyperref Info: Link coloring OFF on input line 6083.
Package hyperref Info: Link coloring with OCG OFF on input line 6088.
Package hyperref Info: PDF/A mode OFF on input line 6093.
(/Users/TJRyan/Library/TinyTeX/texmf-dist/tex/latex/base/atbegshi-ltx.sty
Package: atbegshi-ltx 2021/01/10 v1.0c Emulation of the original atbegshi
package with kernel methods
)
\Hy@abspage=\count337
\c@Item=\count338
\c@Hfootnote=\count339
)
Package hyperref Info: Driver (autodetected): hxetex.
(/Users/TJRyan/Library/TinyTeX/texmf-dist/tex/latex/hyperref/hxetex.def
File: hxetex.def 2024-01-20 v7.01h Hyperref driver for XeTeX
(/Users/TJRyan/Library/TinyTeX/texmf-dist/tex/generic/stringenc/stringenc.sty
Package: stringenc 2019/11/29 v1.12 Convert strings between diff. encodings (HO)
)
\pdfm@box=\box79
\c@Hy@AnnotLevel=\count340
\HyField@AnnotCount=\count341
\Fld@listcount=\count342
\c@bookmark@seq@number=\count343
(/Users/TJRyan/Library/TinyTeX/texmf-dist/tex/latex/rerunfilecheck/rerunfilecheck.sty
Package: rerunfilecheck 2022-07-10 v1.10 Rerun checks for auxiliary files (HO)
(/Users/TJRyan/Library/TinyTeX/texmf-dist/tex/latex/base/atveryend-ltx.sty
Package: atveryend-ltx 2020/08/19 v1.0a Emulation of the original atveryend package
with kernel methods
) (/Users/TJRyan/Library/TinyTeX/texmf-dist/tex/generic/uniquecounter/uniquecounter.sty
Package: uniquecounter 2019/12/15 v1.4 Provide unlimited unique counter (HO)
)
Package uniquecounter Info: New unique counter `rerunfilecheck' on input line 285.
)
\Hy@SectionHShift=\skip70
) (/Users/TJRyan/Library/TinyTeX/texmf-dist/tex/latex/float/float.sty
Package: float 2001/11/08 v1.3d Float enhancements (AL)
\c@float@type=\count344
\float@exts=\toks40
\float@box=\box80
\@float@everytoks=\toks41
\@floatcapt=\box81
) (/Users/TJRyan/Library/TinyTeX/texmf-dist/tex/latex/pdflscape/pdflscape.sty
Package: pdflscape 2022-10-27 v0.13 Display of landscape pages in PDF
(/Users/TJRyan/Library/TinyTeX/texmf-dist/tex/latex/pdflscape/pdflscape-nometadata.sty
Package: pdflscape-nometadata 2022-10-28 v0.13 Display of landscape pages in PDF (HO)
(/Users/TJRyan/Library/TinyTeX/texmf-dist/tex/latex/graphics/lscape.sty
Package: lscape 2020/05/28 v3.02 Landscape Pages (DPC)
)
Package pdflscape Info: Auto-detected driver: dvipdfm (xetex) on input line 98.
)) (/Users/TJRyan/Library/TinyTeX/texmf-dist/tex/latex/tabu/tabu.sty
Package: tabu 2019/01/11 v2.9 - flexible LaTeX tabulars (FC+tabu-fixed)
\c@taburow=\count345
\tabu@nbcols=\count346
\tabu@cnt=\count347
\tabu@Xcol=\count348
\tabu@alloc=\count349
\tabu@nested=\count350
\tabu@target=\dimen277
\tabu@spreadtarget=\dimen278
\tabu@naturalX=\dimen279
\tabucolX=\dimen280
\tabu@Xsum=\dimen281
\extrarowdepth=\dimen282
\abovetabulinesep=\dimen283
\belowtabulinesep=\dimen284
\tabustrutrule=\dimen285
\tabu@thebody=\toks42
\tabu@footnotes=\toks43
\tabu@box=\box82
\tabu@arstrutbox=\box83
\tabu@hleads=\box84
\tabu@vleads=\box85
\tabu@cellskip=\skip71
) (/Users/TJRyan/Library/TinyTeX/texmf-dist/tex/latex/threeparttablex/threeparttablex.sty
Package: threeparttablex 2013/07/23 v0.3 by daleif
(/Users/TJRyan/Library/TinyTeX/texmf-dist/tex/latex/environ/environ.sty
Package: environ 2014/05/04 v0.3 A new way to define environments
(/Users/TJRyan/Library/TinyTeX/texmf-dist/tex/latex/trimspaces/trimspaces.sty
Package: trimspaces 2009/09/17 v1.1 Trim spaces around a token list
))
\TPTL@width=\skip72
) (/Users/TJRyan/Library/TinyTeX/texmf-dist/tex/latex/makecell/makecell.sty
Package: makecell 2009/08/03 V0.1e Managing of Tab Column Heads and Cells
\rotheadsize=\dimen286
\c@nlinenum=\count351
\TeXr@lab=\toks44
) (/Users/TJRyan/Library/TinyTeX/texmf-dist/tex/latex/natbib/natbib.sty
Package: natbib 2010/09/13 8.31b (PWD, AO)
\bibhang=\skip73
\bibsep=\skip74
LaTeX Info: Redefining \cite on input line 694.
\c@NAT@ctr=\count352
) (/Users/TJRyan/Library/TinyTeX/texmf-dist/tex/latex/bookmark/bookmark.sty
Package: bookmark 2023-12-10 v1.31 PDF bookmarks (HO)
(/Users/TJRyan/Library/TinyTeX/texmf-dist/tex/latex/bookmark/bkm-dvipdfm.def
File: bkm-dvipdfm.def 2023-12-10 v1.31 bookmark driver for dvipdfm (HO)
\BKM@id=\count353
)) (/Users/TJRyan/Library/TinyTeX/texmf-dist/tex/latex/xurl/xurl.sty
Package: xurl 2022/01/09 v 0.10 modify URL breaks
)
Package translations Info: No language package found. I am going to use `english' as default language. on input line 154.
(./APA_Book.aux

LaTeX Warning: Label `eq:meanstder' multiply defined.

)
\openout1 = `APA_Book.aux'.

LaTeX Font Info:    Checking defaults for OML/cmm/m/it on input line 154.
LaTeX Font Info:    ... okay on input line 154.
LaTeX Font Info:    Checking defaults for OMS/cmsy/m/n on input line 154.
LaTeX Font Info:    ... okay on input line 154.
LaTeX Font Info:    Checking defaults for OT1/cmr/m/n on input line 154.
LaTeX Font Info:    ... okay on input line 154.
LaTeX Font Info:    Checking defaults for T1/cmr/m/n on input line 154.
LaTeX Font Info:    ... okay on input line 154.
LaTeX Font Info:    Checking defaults for TS1/cmr/m/n on input line 154.
LaTeX Font Info:    ... okay on input line 154.
LaTeX Font Info:    Checking defaults for TU/lmr/m/n on input line 154.
LaTeX Font Info:    ... okay on input line 154.
LaTeX Font Info:    Checking defaults for OMX/cmex/m/n on input line 154.
LaTeX Font Info:    ... okay on input line 154.
LaTeX Font Info:    Checking defaults for U/cmr/m/n on input line 154.
LaTeX Font Info:    ... okay on input line 154.
LaTeX Font Info:    Checking defaults for PD1/pdf/m/n on input line 154.
LaTeX Font Info:    ... okay on input line 154.
LaTeX Font Info:    Checking defaults for PU/pdf/m/n on input line 154.
LaTeX Font Info:    ... okay on input line 154.
LaTeX Font Info:    Overwriting math alphabet `\mathrm' in version `normal'
(Font)                  OT1/lmr/m/n --> TU/lmr/m/n on input line 154.
LaTeX Font Info:    Overwriting math alphabet `\mathit' in version `normal'
(Font)                  OT1/lmr/m/it --> TU/lmr/m/it on input line 154.
LaTeX Font Info:    Overwriting math alphabet `\mathbf' in version `normal'
(Font)                  OT1/lmr/bx/n --> TU/lmr/bx/n on input line 154.
LaTeX Font Info:    Overwriting math alphabet `\mathsf' in version `normal'
(Font)                  OT1/lmss/m/n --> TU/lmss/m/n on input line 154.
LaTeX Font Info:    Overwriting math alphabet `\mathsf' in version `bold'
(Font)                  OT1/lmss/bx/n --> TU/lmss/bx/n on input line 154.
LaTeX Font Info:    Overwriting math alphabet `\mathtt' in version `normal'
(Font)                  OT1/lmtt/m/n --> TU/lmtt/m/n on input line 154.
LaTeX Font Info:    Overwriting math alphabet `\mathtt' in version `bold'
(Font)                  OT1/lmtt/m/n --> TU/lmtt/bx/n on input line 154.

Package fontspec Info: latinmodern-math scale = 0.9999964596882403.


Package fontspec Info: latinmodern-math scale = 0.9999964596882403.


Package fontspec Info: latinmodern-math scale = 0.9999964596882403.


Package fontspec Info: Font family 'latinmodern-math.otf(0)' created for font
(fontspec)             'latinmodern-math.otf' with options
(fontspec)             [Scale=MatchLowercase,BoldItalicFont={},ItalicFont={},SmallCapsFont={},Script=Math,BoldFont={latinmodern-math.otf}].
(fontspec)              
(fontspec)              This font family consists of the following NFSS
(fontspec)             series/shapes:
(fontspec)              
(fontspec)             - 'normal' (m/n) with NFSS spec.:
(fontspec)             <->s*[0.9999964596882403]"[latinmodern-math.otf]/OT:script=math;language=dflt;"
(fontspec)             - 'small caps'  (m/sc) with NFSS spec.: 
(fontspec)             - 'bold' (b/n) with NFSS spec.:
(fontspec)             <->s*[0.9999964596882403]"[latinmodern-math.otf]/OT:script=math;language=dflt;"
(fontspec)             - 'bold small caps'  (b/sc) with NFSS spec.: 

LaTeX Font Info:    Font shape `TU/latinmodern-math.otf(0)/m/n' will be
(Font)              scaled to size 10.0pt on input line 154.

Package fontspec Info: latinmodern-math scale = 0.9999964596882403.


Package fontspec Info: latinmodern-math scale = 0.9999964596882403.


Package fontspec Info: latinmodern-math scale = 0.9999964596882403.


Package fontspec Info: latinmodern-math scale = 0.9999964596882403.


Package fontspec Info: latinmodern-math scale = 0.9999964596882403.


Package fontspec Info: Font family 'latinmodern-math.otf(1)' created for font
(fontspec)             'latinmodern-math.otf' with options
(fontspec)             [Scale=MatchLowercase,BoldItalicFont={},ItalicFont={},SmallCapsFont={},Script=Math,SizeFeatures={{Size=8.5-},{Size=6-8.5,Font=latinmodern-math.otf,Style=MathScript},{Size=-6,Font=latinmodern-math.otf,Style=MathScriptScript}},BoldFont={latinmodern-math.otf}].
(fontspec)              
(fontspec)              This font family consists of the following NFSS
(fontspec)             series/shapes:
(fontspec)              
(fontspec)             - 'normal' (m/n) with NFSS spec.:
(fontspec)             <8.5->s*[0.9999964596882403]"[latinmodern-math.otf]/OT:script=math;language=dflt;"<6-8.5>s*[0.9999964596882403]"[latinmodern-math.otf]/OT:script=math;language=dflt;+ssty=0;"<-6>s*[0.9999964596882403]"[latinmodern-math.otf]/OT:script=math;language=dflt;+ssty=1;"
(fontspec)             - 'small caps'  (m/sc) with NFSS spec.: 
(fontspec)             - 'bold' (b/n) with NFSS spec.:
(fontspec)             <->s*[0.9999964596882403]"[latinmodern-math.otf]/OT:script=math;language=dflt;"
(fontspec)             - 'bold small caps'  (b/sc) with NFSS spec.: 

LaTeX Font Info:    Font shape `TU/latinmodern-math.otf(1)/m/n' will be
(Font)              scaled to size 10.0pt on input line 154.
LaTeX Font Info:    Encoding `OT1' has changed to `TU' for symbol font
(Font)              `operators' in the math version `normal' on input line 154.
LaTeX Font Info:    Overwriting symbol font `operators' in version `normal'
(Font)                  OT1/lmr/m/n --> TU/latinmodern-math.otf(1)/m/n on input line 154.
LaTeX Font Info:    Encoding `OT1' has changed to `TU' for symbol font
(Font)              `operators' in the math version `bold' on input line 154.
LaTeX Font Info:    Overwriting symbol font `operators' in version `bold'
(Font)                  OT1/lmr/bx/n --> TU/latinmodern-math.otf(1)/b/n on input line 154.

Package fontspec Info: latinmodern-math scale = 0.9999964596882403.


Package fontspec Info: latinmodern-math scale = 1.000096459334209.


Package fontspec Info: latinmodern-math scale = 0.9999964596882403.


Package fontspec Info: latinmodern-math scale = 1.000096459334209.


Package fontspec Info: latinmodern-math scale = 0.9999964596882403.


Package fontspec Info: latinmodern-math scale = 1.000096459334209.


Package fontspec Info: latinmodern-math scale = 0.9999964596882403.


Package fontspec Info: latinmodern-math scale = 1.000096459334209.


Package fontspec Info: latinmodern-math scale = 0.9999964596882403.


Package fontspec Info: latinmodern-math scale = 1.000096459334209.


Package fontspec Info: Font family 'latinmodern-math.otf(2)' created for font
(fontspec)             'latinmodern-math.otf' with options
(fontspec)             [Scale=MatchLowercase,BoldItalicFont={},ItalicFont={},SmallCapsFont={},Script=Math,SizeFeatures={{Size=8.5-},{Size=6-8.5,Font=latinmodern-math.otf,Style=MathScript},{Size=-6,Font=latinmodern-math.otf,Style=MathScriptScript}},BoldFont={latinmodern-math.otf},ScaleAgain=1.0001,FontAdjustment={\fontdimen
(fontspec)             8\font =6.77pt\relax \fontdimen 9\font =3.94pt\relax
(fontspec)             \fontdimen 10\font =4.44pt\relax \fontdimen 11\font
(fontspec)             =6.86pt\relax \fontdimen 12\font =3.45pt\relax
(fontspec)             \fontdimen 13\font =3.63pt\relax \fontdimen 14\font
(fontspec)             =3.63pt\relax \fontdimen 15\font =2.89pt\relax
(fontspec)             \fontdimen 16\font =2.47pt\relax \fontdimen 17\font
(fontspec)             =2.47pt\relax \fontdimen 18\font =2.5pt\relax
(fontspec)             \fontdimen 19\font =2.0pt\relax \fontdimen 22\font
(fontspec)             =2.5pt\relax \fontdimen 20\font =0pt\relax \fontdimen
(fontspec)             21\font =0pt\relax }].
(fontspec)              
(fontspec)              This font family consists of the following NFSS
(fontspec)             series/shapes:
(fontspec)              
(fontspec)             - 'normal' (m/n) with NFSS spec.:
(fontspec)             <8.5->s*[1.000096459334209]"[latinmodern-math.otf]/OT:script=math;language=dflt;"<6-8.5>s*[1.000096459334209]"[latinmodern-math.otf]/OT:script=math;language=dflt;+ssty=0;"<-6>s*[1.000096459334209]"[latinmodern-math.otf]/OT:script=math;language=dflt;+ssty=1;"
(fontspec)             - 'small caps'  (m/sc) with NFSS spec.: 
(fontspec)             and font adjustment code:
(fontspec)             \fontdimen 8\font =6.77pt\relax \fontdimen 9\font
(fontspec)             =3.94pt\relax \fontdimen 10\font =4.44pt\relax
(fontspec)             \fontdimen 11\font =6.86pt\relax \fontdimen 12\font
(fontspec)             =3.45pt\relax \fontdimen 13\font =3.63pt\relax
(fontspec)             \fontdimen 14\font =3.63pt\relax \fontdimen 15\font
(fontspec)             =2.89pt\relax \fontdimen 16\font =2.47pt\relax
(fontspec)             \fontdimen 17\font =2.47pt\relax \fontdimen 18\font
(fontspec)             =2.5pt\relax \fontdimen 19\font =2.0pt\relax \fontdimen
(fontspec)             22\font =2.5pt\relax \fontdimen 20\font =0pt\relax
(fontspec)             \fontdimen 21\font =0pt\relax 
(fontspec)             - 'bold' (b/n) with NFSS spec.:
(fontspec)             <->s*[1.000096459334209]"[latinmodern-math.otf]/OT:script=math;language=dflt;"
(fontspec)             - 'bold small caps'  (b/sc) with NFSS spec.: 
(fontspec)             and font adjustment code:
(fontspec)             \fontdimen 8\font =6.77pt\relax \fontdimen 9\font
(fontspec)             =3.94pt\relax \fontdimen 10\font =4.44pt\relax
(fontspec)             \fontdimen 11\font =6.86pt\relax \fontdimen 12\font
(fontspec)             =3.45pt\relax \fontdimen 13\font =3.63pt\relax
(fontspec)             \fontdimen 14\font =3.63pt\relax \fontdimen 15\font
(fontspec)             =2.89pt\relax \fontdimen 16\font =2.47pt\relax
(fontspec)             \fontdimen 17\font =2.47pt\relax \fontdimen 18\font
(fontspec)             =2.5pt\relax \fontdimen 19\font =2.0pt\relax \fontdimen
(fontspec)             22\font =2.5pt\relax \fontdimen 20\font =0pt\relax
(fontspec)             \fontdimen 21\font =0pt\relax 

LaTeX Font Info:    Encoding `OMS' has changed to `TU' for symbol font
(Font)              `symbols' in the math version `normal' on input line 154.
LaTeX Font Info:    Overwriting symbol font `symbols' in version `normal'
(Font)                  OMS/lmsy/m/n --> TU/latinmodern-math.otf(2)/m/n on input line 154.
LaTeX Font Info:    Encoding `OMS' has changed to `TU' for symbol font
(Font)              `symbols' in the math version `bold' on input line 154.
LaTeX Font Info:    Overwriting symbol font `symbols' in version `bold'
(Font)                  OMS/lmsy/b/n --> TU/latinmodern-math.otf(2)/b/n on input line 154.

Package fontspec Info: latinmodern-math scale = 0.9999964596882403.


Package fontspec Info: latinmodern-math scale = 0.9998964600422715.


Package fontspec Info: latinmodern-math scale = 0.9999964596882403.


Package fontspec Info: latinmodern-math scale = 0.9998964600422715.


Package fontspec Info: latinmodern-math scale = 0.9999964596882403.


Package fontspec Info: latinmodern-math scale = 0.9998964600422715.


Package fontspec Info: latinmodern-math scale = 0.9999964596882403.


Package fontspec Info: latinmodern-math scale = 0.9998964600422715.


Package fontspec Info: latinmodern-math scale = 0.9999964596882403.


Package fontspec Info: latinmodern-math scale = 0.9998964600422715.


Package fontspec Info: Font family 'latinmodern-math.otf(3)' created for font
(fontspec)             'latinmodern-math.otf' with options
(fontspec)             [Scale=MatchLowercase,BoldItalicFont={},ItalicFont={},SmallCapsFont={},Script=Math,SizeFeatures={{Size=8.5-},{Size=6-8.5,Font=latinmodern-math.otf,Style=MathScript},{Size=-6,Font=latinmodern-math.otf,Style=MathScriptScript}},BoldFont={latinmodern-math.otf},ScaleAgain=0.9999,FontAdjustment={\fontdimen
(fontspec)             8\font =0.4pt\relax \fontdimen 9\font =2.0pt\relax
(fontspec)             \fontdimen 10\font =1.67pt\relax \fontdimen 11\font
(fontspec)             =1.11pt\relax \fontdimen 12\font =6.0pt\relax
(fontspec)             \fontdimen 13\font =0pt\relax }].
(fontspec)              
(fontspec)              This font family consists of the following NFSS
(fontspec)             series/shapes:
(fontspec)              
(fontspec)             - 'normal' (m/n) with NFSS spec.:
(fontspec)             <8.5->s*[0.9998964600422715]"[latinmodern-math.otf]/OT:script=math;language=dflt;"<6-8.5>s*[0.9998964600422715]"[latinmodern-math.otf]/OT:script=math;language=dflt;+ssty=0;"<-6>s*[0.9998964600422715]"[latinmodern-math.otf]/OT:script=math;language=dflt;+ssty=1;"
(fontspec)             - 'small caps'  (m/sc) with NFSS spec.: 
(fontspec)             and font adjustment code:
(fontspec)             \fontdimen 8\font =0.4pt\relax \fontdimen 9\font
(fontspec)             =2.0pt\relax \fontdimen 10\font =1.67pt\relax
(fontspec)             \fontdimen 11\font =1.11pt\relax \fontdimen 12\font
(fontspec)             =6.0pt\relax \fontdimen 13\font =0pt\relax 
(fontspec)             - 'bold' (b/n) with NFSS spec.:
(fontspec)             <->s*[0.9998964600422715]"[latinmodern-math.otf]/OT:script=math;language=dflt;"
(fontspec)             - 'bold small caps'  (b/sc) with NFSS spec.: 
(fontspec)             and font adjustment code:
(fontspec)             \fontdimen 8\font =0.4pt\relax \fontdimen 9\font
(fontspec)             =2.0pt\relax \fontdimen 10\font =1.67pt\relax
(fontspec)             \fontdimen 11\font =1.11pt\relax \fontdimen 12\font
(fontspec)             =6.0pt\relax \fontdimen 13\font =0pt\relax 

LaTeX Font Info:    Encoding `OMX' has changed to `TU' for symbol font
(Font)              `largesymbols' in the math version `normal' on input line 154.
LaTeX Font Info:    Overwriting symbol font `largesymbols' in version `normal'
(Font)                  OMX/lmex/m/n --> TU/latinmodern-math.otf(3)/m/n on input line 154.
LaTeX Font Info:    Encoding `OMX' has changed to `TU' for symbol font
(Font)              `largesymbols' in the math version `bold' on input line 154.
LaTeX Font Info:    Overwriting symbol font `largesymbols' in version `bold'
(Font)                  OMX/lmex/m/n --> TU/latinmodern-math.otf(3)/b/n on input line 154.
LaTeX Info: Redefining \microtypecontext on input line 154.
Package microtype Info: Applying patch `item' on input line 154.
Package microtype Info: Applying patch `toc' on input line 154.
Package microtype Info: Applying patch `eqnum' on input line 154.
Package microtype Info: Applying patch `footnote' on input line 154.
Package microtype Info: Applying patch `verbatim' on input line 154.
Package microtype Info: Character protrusion enabled (level 2).
Package microtype Info: Using protrusion set `basicmath'.
Package microtype Info: No adjustment of tracking.
Package microtype Info: No adjustment of spacing.
Package microtype Info: No adjustment of kerning.
(/Users/TJRyan/Library/TinyTeX/texmf-dist/tex/latex/microtype/mt-LatinModernRoman.cfg
File: mt-LatinModernRoman.cfg 2021/02/21 v1.1 microtype config. file: Latin Modern Roman (RS)
)
Package caption Info: Begin \AtBeginDocument code.
Package caption Info: float package is loaded.
Package caption Info: hyperref package is loaded.
Package caption Info: threeparttable package is loaded.
Package caption Info: wrapfig package is loaded.
Package caption Info: End \AtBeginDocument code.
(/Users/TJRyan/Library/TinyTeX/texmf-dist/tex/latex/translations/translations-basic-dictionary-english.trsl
File: translations-basic-dictionary-english.trsl (english translation file `translations-basic-dictionary')
)
Package translations Info: loading dictionary `translations-basic-dictionary' for `english'. on input line 154.
Package hyperref Info: Link coloring OFF on input line 154.
LaTeX Font Info:    Font shape `TU/latinmodern-math.otf(1)/m/n' will be
(Font)              scaled to size 12.0pt on input line 156.
LaTeX Font Info:    Font shape `TU/latinmodern-math.otf(1)/m/n' will be
(Font)              scaled to size 8.0pt on input line 156.
LaTeX Font Info:    Font shape `TU/latinmodern-math.otf(1)/m/n' will be
(Font)              scaled to size 6.0pt on input line 156.
LaTeX Font Info:    Trying to load font information for OML+lmm on input line 156.
(/Users/TJRyan/Library/TinyTeX/texmf-dist/tex/latex/lm/omllmm.fd
File: omllmm.fd 2015/05/01 v1.6.1 Font defs for Latin Modern
)
LaTeX Font Info:    Font shape `TU/latinmodern-math.otf(2)/m/n' will be
(Font)              scaled to size 12.0011pt on input line 156.
LaTeX Font Info:    Font shape `TU/latinmodern-math.otf(2)/m/n' will be
(Font)              scaled to size 8.00073pt on input line 156.
LaTeX Font Info:    Font shape `TU/latinmodern-math.otf(2)/m/n' will be
(Font)              scaled to size 6.00055pt on input line 156.
LaTeX Font Info:    Font shape `TU/latinmodern-math.otf(3)/m/n' will be
(Font)              scaled to size 11.99872pt on input line 156.
LaTeX Font Info:    Font shape `TU/latinmodern-math.otf(3)/m/n' will be
(Font)              scaled to size 7.99915pt on input line 156.
LaTeX Font Info:    Font shape `TU/latinmodern-math.otf(3)/m/n' will be
(Font)              scaled to size 5.99936pt on input line 156.
LaTeX Font Info:    Trying to load font information for U+msa on input line 156.
(/Users/TJRyan/Library/TinyTeX/texmf-dist/tex/latex/amsfonts/umsa.fd
File: umsa.fd 2013/01/14 v3.01 AMS symbols A
) (/Users/TJRyan/Library/TinyTeX/texmf-dist/tex/latex/microtype/mt-msa.cfg
File: mt-msa.cfg 2006/02/04 v1.1 microtype config. file: AMS symbols (a) (RS)
)
LaTeX Font Info:    Trying to load font information for U+msb on input line 156.
(/Users/TJRyan/Library/TinyTeX/texmf-dist/tex/latex/amsfonts/umsb.fd
File: umsb.fd 2013/01/14 v3.01 AMS symbols B
) (/Users/TJRyan/Library/TinyTeX/texmf-dist/tex/latex/microtype/mt-msb.cfg
File: mt-msb.cfg 2005/06/01 v1.0 microtype config. file: AMS symbols (b) (RS)
) [1


] [2

] (./APA_Book.toc
LaTeX Font Info:    Font shape `TU/latinmodern-math.otf(1)/m/n' will be
(Font)              scaled to size 7.0pt on input line 4.
LaTeX Font Info:    Font shape `TU/latinmodern-math.otf(1)/m/n' will be
(Font)              scaled to size 5.0pt on input line 4.
LaTeX Font Info:    Font shape `TU/latinmodern-math.otf(2)/m/n' will be
(Font)              scaled to size 10.00092pt on input line 4.
LaTeX Font Info:    Font shape `TU/latinmodern-math.otf(2)/m/n' will be
(Font)              scaled to size 7.00064pt on input line 4.
LaTeX Font Info:    Font shape `TU/latinmodern-math.otf(2)/m/n' will be
(Font)              scaled to size 5.00046pt on input line 4.
LaTeX Font Info:    Font shape `TU/latinmodern-math.otf(3)/m/n' will be
(Font)              scaled to size 9.99893pt on input line 4.
LaTeX Font Info:    Font shape `TU/latinmodern-math.otf(3)/m/n' will be
(Font)              scaled to size 6.99925pt on input line 4.
LaTeX Font Info:    Font shape `TU/latinmodern-math.otf(3)/m/n' will be
(Font)              scaled to size 4.99947pt on input line 4.
[3] [4])
\tf@toc=\write4
\openout4 = `APA_Book.toc'.

[5] [6

] [7] [8

]
Chapter 1.
[9]
Overfull \hbox (24.96452pt too wide) has occurred while \output is active
\TU/lmr/m/n/10 10 \TU/lmr/m/sl/10 CHAPTER 1.  INTRODUCTION: USING DATA TO LEARN ABOUT POLITICS
 []

[10

]
Chapter 2.

Underfull \vbox (badness 10000) has occurred while \output is active []

[11]
LaTeX Font Info:    Font shape `TU/lmtt/bx/n' in size <10> not available
(Font)              Font shape `TU/lmtt/b/n' tried instead on input line 200.

Overfull \hbox (294.18076pt too wide) has occurred while \output is active
\TU/lmr/m/n/10 12 \TU/lmr/m/sl/10 CHAPTER 2.  WHY CAN’T I JUST USE A SPREADSHEET?: PROMISES AND CHALLENGES OF THE R STATISTICAL ENVIRONMENT
 []

[12]
Chapter 3.
[13

] [14

]
File: APA_Book_files/figure-latex/covid-figure-1.pdf Graphic file (type pdf)
<use APA_Book_files/figure-latex/covid-figure-1.pdf>
[15]
File: APA_Book_files/figure-latex/covid-figure-line-1.pdf Graphic file (type pdf)
<use APA_Book_files/figure-latex/covid-figure-line-1.pdf>
[16] [17] [18

]
Chapter 4.
[19]
File: APA_Book_files/figure-latex/unnamed-chunk-4-1.pdf Graphic file (type pdf)
<use APA_Book_files/figure-latex/unnamed-chunk-4-1.pdf>

Underfull \vbox (badness 7133) has occurred while \output is active []

[20] [21]
File: APA_Book_files/figure-latex/dummy1-1.pdf Graphic file (type pdf)
<use APA_Book_files/figure-latex/dummy1-1.pdf>
[22] [23] [24]
Overfull \hbox (27.75pt too wide) in paragraph at lines 454--454
[]\TU/lmtt/m/n/10 ## lm(formula = biden_dif ~ age30_39 + age40_49 + age50_59 + age60plus,[] 
 []


Overfull \hbox (1.5pt too wide) in paragraph at lines 454--454
[]\TU/lmtt/m/n/10 ## (Intercept)     age30_39     age40_49     age50_59    age60plus[] 
 []


Overfull \hbox (1.5pt too wide) in paragraph at lines 454--454
[]\TU/lmtt/m/n/10 ##      14.575       -4.152       -1.957      -11.980       -5.779[] 
 []

[25]
Overfull \hbox (38.25pt too wide) in paragraph at lines 482--482
[]\TU/lmtt/m/n/10 ##      (Intercept)  agefactor(29,39]  agefactor(39,49]  agefactor(49,59][] 
 []


Overfull \hbox (38.25pt too wide) in paragraph at lines 482--482
[]\TU/lmtt/m/n/10 ##           14.575            -4.152            -1.957           -11.980[] 
 []

File: APA_Book_files/figure-latex/agedum5-1.pdf Graphic file (type pdf)
<use APA_Book_files/figure-latex/agedum5-1.pdf>

Overfull \hbox (27.75pt too wide) in paragraph at lines 530--530
[]\TU/lmtt/m/n/10 ## lm(formula = biden_dif ~ age18_29 + age30_39 + age40_49 + age50_59 +[] 
 []


Overfull \hbox (69.75pt too wide) in paragraph at lines 530--530
[]\TU/lmtt/m/n/10 ## (Intercept)     age18_29     age30_39     age40_49     age50_59    age60plus[] 
 []


Overfull \hbox (69.75pt too wide) in paragraph at lines 530--530
[]\TU/lmtt/m/n/10 ##       8.796        5.779        1.627        3.822       -6.201           NA[] 
 []

[26] [27] [28]
Overfull \hbox (48.75pt too wide) in paragraph at lines 591--591
[]\TU/lmtt/m/n/10 ##                         (Intercept)       religionEvangelical Protestant[] 
 []


Overfull \hbox (48.75pt too wide) in paragraph at lines 591--591
[]\TU/lmtt/m/n/10 ##                             33.6667                             -48.2529[] 
 []


Overfull \hbox (48.75pt too wide) in paragraph at lines 591--591
[]\TU/lmtt/m/n/10 ##                      religionJewish          religionMainline Protestant[] 
 []


Overfull \hbox (48.75pt too wide) in paragraph at lines 591--591
[]\TU/lmtt/m/n/10 ##                              9.7495                             -28.2649[] 
 []


Overfull \hbox (48.75pt too wide) in paragraph at lines 591--591
[]\TU/lmtt/m/n/10 ##               religionNot religious              religionOther Christian[] 
 []


Overfull \hbox (48.75pt too wide) in paragraph at lines 591--591
[]\TU/lmtt/m/n/10 ##                              0.9764                             -38.4169[] 
 []


Overfull \hbox (48.75pt too wide) in paragraph at lines 591--591
[]\TU/lmtt/m/n/10 ##              religionOther religion               religionRoman Catholic[] 
 []


Overfull \hbox (48.75pt too wide) in paragraph at lines 591--591
[]\TU/lmtt/m/n/10 ##                              8.8561                             -26.6266[] 
 []

[29]

LaTeX Warning: Reference `fig:dummy2plots' on page 30 undefined on input line 619.

File: APA_Book_files/figure-latex/dummy2plots-1.pdf Graphic file (type pdf)
<use APA_Book_files/figure-latex/dummy2plots-1.pdf>

Underfull \hbox (badness 10000) in paragraph at lines 621--623
[][]
 []

[30] [31] [32

]
Chapter 5.

Overfull \vbox (0.15999pt too high) detected at line 667
 []

[33]
File: APA_Book_files/figure-latex/covid-nyc-1-1.pdf Graphic file (type pdf)
<use APA_Book_files/figure-latex/covid-nyc-1-1.pdf>
[34]
Underfull \vbox (badness 10000) has occurred while \output is active []

[35]
File: APA_Book_files/figure-latex/covid-nyc-2-1.pdf Graphic file (type pdf)
<use APA_Book_files/figure-latex/covid-nyc-2-1.pdf>
[36]
File: APA_Book_files/figure-latex/quad6-1.pdf Graphic file (type pdf)
<use APA_Book_files/figure-latex/quad6-1.pdf>
[37] [38]
Underfull \hbox (badness 1931) in paragraph at lines 867--867
[]\TU/lmr/bx/n/14.4 Interpreting Coefficients in a Quadratic
 []

[39] [40] [41]
File: APA_Book_files/figure-latex/cubic-1.pdf Graphic file (type pdf)
<use APA_Book_files/figure-latex/cubic-1.pdf>
[42]
Underfull \vbox (badness 10000) has occurred while \output is active []

[43] [44]
Chapter 6.
[45

]
File: APA_Book_files/figure-latex/gpdfig1-1.pdf Graphic file (type pdf)
<use APA_Book_files/figure-latex/gpdfig1-1.pdf>
[46] [47]
File: APA_Book_files/figure-latex/log2-1.pdf Graphic file (type pdf)
<use APA_Book_files/figure-latex/log2-1.pdf>

LaTeX Warning: Reference `fig:log2' on page 48 undefined on input line 1132.


LaTeX Warning: Reference `fig:log2' on page 48 undefined on input line 1132.


Underfull \hbox (badness 10000) in paragraph at lines 1131--1133
[]
 []


Underfull \vbox (badness 10000) has occurred while \output is active []

[48]
Overfull \hbox (175.14516pt too wide) has occurred while \output is active
\TU/lmr/m/sl/10 6.2.  PROPERTY 1: LOG TRANSFORMATIONS CAN TAME UNWIELDY PROPERTIES OF A DISTRIBUTION. \TU/lmr/m/n/10 49
 []

[49]
Overfull \hbox (133.21005pt too wide) in paragraph at lines 1150--1163
 [][] 
 []

[50] [51]
File: APA_Book_files/figure-latex/loggdpplot-1.pdf Graphic file (type pdf)
<use APA_Book_files/figure-latex/loggdpplot-1.pdf>
[52] [53] [54]
Chapter 7.
[55

] [56] [57] [58] [59] [60]
Underfull \vbox (badness 1331) has occurred while \output is active []

[61] [62]
File: APA_Book_files/figure-latex/interf1-1.pdf Graphic file (type pdf)
<use APA_Book_files/figure-latex/interf1-1.pdf>
[63] [64] [65] [66

]
Chapter 8.
[67]
Overfull \hbox (149.43231pt too wide) has occurred while \output is active
\TU/lmr/m/n/10 68 \TU/lmr/m/sl/10 CHAPTER 8.  CHARACTERIZING UNCERTAINTY (OR: NOW FOR THE NUMBERS IN PARENTHESES)
 []

[68]
Chapter 9.
File: images/wddm_comb.png Graphic file (type bmp)
<images/wddm_comb.png>
[69

] [70] [71] [72] [73] [74] [75] [76] [77] [78]
Chapter 10.
[79

] [80]
Overfull \hbox (69.75pt too wide) in paragraph at lines 2389--2389
[]\TU/lmtt/m/n/10 ##  [1] "No war" "No war" "No war" "No war" "No war" "No war" "No war" "No war"[] 
 []


Overfull \hbox (69.75pt too wide) in paragraph at lines 2389--2389
[]\TU/lmtt/m/n/10 ##  [9] "No war" "No war" "No war" "No war" "No war" "No war" "No war" "No war"[] 
 []


Overfull \hbox (69.75pt too wide) in paragraph at lines 2389--2389
[]\TU/lmtt/m/n/10 ## [17] "No war" "No war" "No war" "No war" "No war" "No war" "No war" "No war"[] 
 []


Overfull \hbox (69.75pt too wide) in paragraph at lines 2389--2389
[]\TU/lmtt/m/n/10 ## [25] "No war" "No war" "No war" "No war" "No war" "No war" "No war" "No war"[] 
 []

[81]
File: APA_Book_files/figure-latex/warsimplot-1.pdf Graphic file (type pdf)
<use APA_Book_files/figure-latex/warsimplot-1.pdf>
[82] [83] [84] [85] [86] [87] [88]
File: images/berternie.png Graphic file (type bmp)
<images/berternie.png>
[89] [90

]
Chapter 11.
[91] [92] [93]
File: APA_Book_files/figure-latex/bernoullicdf-1.pdf Graphic file (type pdf)
<use APA_Book_files/figure-latex/bernoullicdf-1.pdf>
[94] [95] [96] [97]
File: APA_Book_files/figure-latex/unnamed-chunk-65-1.pdf Graphic file (type pdf)
<use APA_Book_files/figure-latex/unnamed-chunk-65-1.pdf>

Underfull \vbox (badness 10000) has occurred while \output is active []

[98] [99]
File: APA_Book_files/figure-latex/normals-1.pdf Graphic file (type pdf)
<use APA_Book_files/figure-latex/normals-1.pdf>
[100]
File: APA_Book_files/figure-latex/normdist-1.pdf Graphic file (type pdf)
<use APA_Book_files/figure-latex/normdist-1.pdf>
[101]
File: APA_Book_files/figure-latex/musigma-1.pdf Graphic file (type pdf)
<use APA_Book_files/figure-latex/musigma-1.pdf>
[102] [103]
LaTeX Font Info:    Font shape `TU/latinmodern-math.otf(1)/m/n' will be
(Font)              scaled to size 14.4pt on input line 2908.
LaTeX Font Info:    Font shape `TU/latinmodern-math.otf(2)/m/n' will be
(Font)              scaled to size 14.4013pt on input line 2908.
LaTeX Font Info:    Font shape `TU/latinmodern-math.otf(3)/m/n' will be
(Font)              scaled to size 14.39845pt on input line 2908.
File: APA_Book_files/figure-latex/tdist-1.pdf Graphic file (type pdf)
<use APA_Book_files/figure-latex/tdist-1.pdf>
[104] [105]
File: images/distfuncs.png Graphic file (type bmp)
<images/distfuncs.png>
[106] [107]
File: images/berternie.png Graphic file (type bmp)
<images/berternie.png>
[108] [109] [110

]
Chapter 12.
[111]
Underfull \vbox (badness 4084) has occurred while \output is active []

[112]
File: APA_Book_files/figure-latex/comphists-1.pdf Graphic file (type pdf)
<use APA_Book_files/figure-latex/comphists-1.pdf>
[113] [114]
Missing character: There is no 🥳 (U+1F973) in font [lmroman10-regular]:mapping=tex-text;!
[115] [116]
Underfull \vbox (badness 3769) has occurred while \output is active []

[117] [118] [119] [120

]
Chapter 13.
[121]
File: APA_Book_files/figure-latex/conf75-1.pdf Graphic file (type pdf)
<use APA_Book_files/figure-latex/conf75-1.pdf>
Missing character: There is no ≤ (U+2264) in font [lmmono10-italic]:!
Missing character: There is no ≥ (U+2265) in font [lmmono10-italic]:!

Overfull \hbox (73.73843pt too wide) has occurred while \output is active
\TU/lmr/m/n/10 122 \TU/lmr/m/sl/10 CHAPTER 13.  PUTTING STANDARD ERRORS TO USE 1: CONFIDENCE INTERVALS
 []

[122] [123]
Overfull \hbox (73.73843pt too wide) has occurred while \output is active
\TU/lmr/m/n/10 124 \TU/lmr/m/sl/10 CHAPTER 13.  PUTTING STANDARD ERRORS TO USE 1: CONFIDENCE INTERVALS
 []

[124] [125]
Overfull \hbox (6.75pt too wide) in paragraph at lines 3637--3637
[]\TU/lmtt/m/n/10 ## (Intercept) 43.68530    1.23880  35.264 < 0.0000000000000002 ***[] 
 []


Overfull \hbox (6.75pt too wide) in paragraph at lines 3637--3637
[]\TU/lmtt/m/n/10 ## age          0.11130    0.02286   4.868           0.00000115 ***[] 
 []


Overfull \hbox (73.73843pt too wide) has occurred while \output is active
\TU/lmr/m/n/10 126 \TU/lmr/m/sl/10 CHAPTER 13.  PUTTING STANDARD ERRORS TO USE 1: CONFIDENCE INTERVALS
 []

[126]
Overfull \vbox (1.55838pt too high) detected at line 3696
 []

[127]
File: APA_Book_files/figure-latex/unnamed-chunk-83-1.pdf Graphic file (type pdf)
<use APA_Book_files/figure-latex/unnamed-chunk-83-1.pdf>
File: APA_Book_files/figure-latex/bowtie-1.pdf Graphic file (type pdf)
<use APA_Book_files/figure-latex/bowtie-1.pdf>

Overfull \hbox (73.73843pt too wide) has occurred while \output is active
\TU/lmr/m/n/10 128 \TU/lmr/m/sl/10 CHAPTER 13.  PUTTING STANDARD ERRORS TO USE 1: CONFIDENCE INTERVALS
 []

[128] [129]
Overfull \hbox (73.73843pt too wide) has occurred while \output is active
\TU/lmr/m/n/10 130 \TU/lmr/m/sl/10 CHAPTER 13.  PUTTING STANDARD ERRORS TO USE 1: CONFIDENCE INTERVALS
 []

[130] [131]
Overfull \hbox (73.73843pt too wide) has occurred while \output is active
\TU/lmr/m/n/10 132 \TU/lmr/m/sl/10 CHAPTER 13.  PUTTING STANDARD ERRORS TO USE 1: CONFIDENCE INTERVALS
 []

[132]
Chapter 14.
[133

]
Overfull \hbox (90.75pt too wide) in paragraph at lines 3849--3849
[]\TU/lmtt/m/n/10 ## -- Column specification --------------------------------------------------------[] 
 []


Overfull \hbox (43.5pt too wide) in paragraph at lines 3849--3849
[]\TU/lmtt/m/n/10 ## i Use []spec()[] to retrieve the full column specification for this data.[] 
 []


Overfull \hbox (96.0pt too wide) in paragraph at lines 3849--3849
[]\TU/lmtt/m/n/10 ## i Specify the column types or set []show_col_types = FALSE[] to quiet this message.[] 
 []


Overfull \hbox (59.64844pt too wide) has occurred while \output is active
\TU/lmr/m/n/10 134 \TU/lmr/m/sl/10 CHAPTER 14.  PUTTING STANDARD ERRORS TO USE 2: HYPOTHESIS TESTING
 []

[134] [135]
Overfull \hbox (59.64844pt too wide) has occurred while \output is active
\TU/lmr/m/n/10 136 \TU/lmr/m/sl/10 CHAPTER 14.  PUTTING STANDARD ERRORS TO USE 2: HYPOTHESIS TESTING
 []

[136] [137]
File: APA_Book_files/figure-latex/hypoth1-1.pdf Graphic file (type pdf)
<use APA_Book_files/figure-latex/hypoth1-1.pdf>

Overfull \hbox (59.64844pt too wide) has occurred while \output is active
\TU/lmr/m/n/10 138 \TU/lmr/m/sl/10 CHAPTER 14.  PUTTING STANDARD ERRORS TO USE 2: HYPOTHESIS TESTING
 []

[138]
File: APA_Book_files/figure-latex/hypoth2-1.pdf Graphic file (type pdf)
<use APA_Book_files/figure-latex/hypoth2-1.pdf>
[139]
Overfull \hbox (59.64844pt too wide) has occurred while \output is active
\TU/lmr/m/n/10 140 \TU/lmr/m/sl/10 CHAPTER 14.  PUTTING STANDARD ERRORS TO USE 2: HYPOTHESIS TESTING
 []

[140] [141]
Overfull \hbox (75.0pt too wide) in paragraph at lines 4081--4081
[]\TU/lmtt/m/n/10 ##                               Estimate Std. Error t value            Pr(>|t|)[] 
 []


Overfull \hbox (75.0pt too wide) in paragraph at lines 4081--4081
[]\TU/lmtt/m/n/10 ## (Intercept)                    2.21526    0.09688   22.86 <0.0000000000000002[] 
 []


Overfull \hbox (75.0pt too wide) in paragraph at lines 4081--4081
[]\TU/lmtt/m/n/10 ## as.factor(tweets)norm_violate  0.11909    0.13855    0.86                0.39[] 
 []


Overfull \hbox (6.75pt too wide) in paragraph at lines 4081--4081
[]\TU/lmtt/m/n/10 ## Multiple R-squared:  0.0003697,  Adjusted R-squared:  -0.0001306[] 
 []


Overfull \hbox (59.64844pt too wide) has occurred while \output is active
\TU/lmr/m/n/10 142 \TU/lmr/m/sl/10 CHAPTER 14.  PUTTING STANDARD ERRORS TO USE 2: HYPOTHESIS TESTING
 []

[142]
Overfull \hbox (253.5pt too wide) in paragraph at lines 4107--4107
[]\TU/lmtt/m/n/10 ## alternative hypothesis: true difference in means between group control and group norm_violate is not equal to 0[] 
 []

[143]
Overfull \hbox (59.64844pt too wide) has occurred while \output is active
\TU/lmr/m/n/10 144 \TU/lmr/m/sl/10 CHAPTER 14.  PUTTING STANDARD ERRORS TO USE 2: HYPOTHESIS TESTING
 []

[144] (./APA_Book.bbl [145]
Overfull \hbox (59.64844pt too wide) has occurred while \output is active
\TU/lmr/m/n/10 146 \TU/lmr/m/sl/10 CHAPTER 14.  PUTTING STANDARD ERRORS TO USE 2: HYPOTHESIS TESTING
 []

[146

] [147]) [148] (./APA_Book.aux)
 ***********
LaTeX2e <2023-11-01> patch level 1
L3 programming layer <2024-02-20>
 ***********

LaTeX Warning: There were undefined references.


LaTeX Warning: There were multiply-defined labels.

 ) 
Here is how much of TeX's memory you used:
 27655 strings out of 474773
 561157 string characters out of 5755054
 1943839 words of memory out of 5000000
 49364 multiletter control sequences out of 15000+600000
 565683 words of font info for 108 fonts, out of 8000000 for 9000
 1348 hyphenation exceptions out of 8191
 90i,15n,121p,1497b,1051s stack positions out of 10000i,1000n,20000p,200000b,200000s

Output written on APA_Book.pdf (148 pages).
